<?xml version="1.0" encoding="UTF-8"?>
<!-- Generated by org.testng.reporters.JUnitXMLReporter -->
<testsuite ignored="1" hostname="Prisha" failures="0" tests="2" name="Gold Loan" time="0.041" errors="0" timestamp="2023-05-05T17:01:11 IST">
  <testcase classname="TestNGTutorial.Day1" name="APILoginGoldLoan" time="0.009"/>
  <testcase classname="TestNGTutorial.Day1" name="MobileLoginGoldLoan" time="0.001"/>
  <testcase classname="TestNGTutorial.Day1" name="WebLoginGoldLoan" time="0.0">
    <ignored/>
  </testcase> <!-- WebLoginGoldLoan -->
</testsuite> <!-- Gold Loan -->
