<?xml version="1.0" encoding="UTF-8"?>
<!-- Generated by org.testng.reporters.JUnitXMLReporter -->
<testsuite ignored="0" hostname="Prisha" failures="0" tests="3" name="Home Loan" time="0.008" errors="0" timestamp="2023-05-05T17:01:11 IST">
  <testcase classname="TestNGTutorial.Day4" name="APILoginHomeLoan" time="0.001"/>
  <testcase classname="TestNGTutorial.Day4" name="MobileLoginHomeLoan" time="0.001"/>
  <testcase classname="TestNGTutorial.Day4" name="WebLoginHomeLoan" time="0.001"/>
</testsuite> <!-- Home Loan -->
