<?xml version="1.0" encoding="UTF-8"?>
<!-- Generated by org.testng.reporters.JUnitXMLReporter -->
<testsuite ignored="0" hostname="Prisha" failures="0" tests="4" name="Personal Loan" time="0.011" errors="0" timestamp="2023-05-05T17:01:11 IST">
  <testcase classname="TestNGTutorial.Day2" name="APILoginPersonalLoan" time="0.001"/>
  <testcase classname="TestNGTutorial.Day2" name="MobileLoginPersonalLoan" time="0.001"/>
  <testcase classname="TestNGTutorial.Day2" name="WebLoginPersonalLoan" time="0.001"/>
  <testcase classname="TestNGTutorial.Day" name="PersonalloanInterestTest" time="0.001"/>
</testsuite> <!-- Personal Loan -->
