<?xml version="1.0" encoding="UTF-8"?>
<!-- Generated by org.testng.reporters.JUnitXMLReporter -->
<testsuite ignored="0" hostname="Prisha" failures="0" tests="7" name="Car Loan" time="0.068" errors="0" timestamp="2023-05-05T22:36:27 IST">
  <testcase classname="TestNGTutorial.Day3" name="APILoginCarLoan" time="0.006"/>
  <testcase classname="TestNGTutorial.Day3" name="APILoginCarLoan" time="0.004"/>
  <testcase classname="TestNGTutorial.Day3" name="APILoginCarLoan" time="0.003"/>
  <testcase classname="TestNGTutorial.Day3" name="APILoginCarLoan" time="0.003"/>
  <testcase classname="TestNGTutorial.Day3" name="APILoginCarLoan" time="0.001"/>
  <testcase classname="TestNGTutorial.Day3" name="MobileLoginCarLoan" time="0.001"/>
  <testcase classname="TestNGTutorial.Day3" name="WebLoginCarLoan" time="0.002"/>
</testsuite> <!-- Car Loan -->
