<?xml version="1.0" encoding="UTF-8"?>
<!-- Generated by org.testng.reporters.JUnitXMLReporter -->
<testsuite ignored="1" hostname="Prisha" failures="0" tests="4" name="Gold Loan" time="0.056" errors="0" timestamp="2023-05-05T22:36:27 IST">
  <testcase classname="TestNGTutorial.Day1" name="MobileLoginGoldLoan" time="0.011"/>
  <testcase classname="TestNGTutorial.Day1" name="MobileLoginGoldLoan" time="0.002"/>
  <testcase classname="TestNGTutorial.Day1" name="MobileLoginGoldLoan" time="0.003"/>
  <testcase classname="TestNGTutorial.Day1" name="WebLoginGoldLoan" time="0.002"/>
  <testcase classname="TestNGTutorial.Day1" name="APILoginGoldLoan" time="0.0">
    <ignored/>
  </testcase> <!-- APILoginGoldLoan -->
</testsuite> <!-- Gold Loan -->
