<?xml version="1.0" encoding="UTF-8"?>
<!-- Generated by org.testng.reporters.JUnitXMLReporter -->
<testsuite ignored="1" hostname="Prisha" failures="0" tests="5" name="Personal Loan" time="0.067" errors="0" timestamp="2023-05-05T22:36:27 IST">
  <testcase classname="TestNGTutorial.Day2" name="APILoginPersonalLoan" time="0.006"/>
  <testcase classname="TestNGTutorial.Day2" name="WebLoginPersonalLoan" time="0.005"/>
  <testcase classname="TestNGTutorial.Day" name="getLoan" time="0.007"/>
  <testcase classname="TestNGTutorial.Day" name="PersonalloanWebInterestTest" time="0.0"/>
  <testcase classname="TestNGTutorial.Day2" name="MobileLoginPersonalLoan" time="0.001"/>
  <testcase classname="TestNGTutorial.Day" name="Loanrecovery" time="0.0">
    <ignored/>
  </testcase> <!-- Loanrecovery -->
</testsuite> <!-- Personal Loan -->
