<?xml version="1.0" encoding="UTF-8"?>
<!-- Generated by org.testng.reporters.JUnitXMLReporter -->
<testsuite ignored="8" hostname="Prisha" failures="0" tests="4" name="Regression" time="0.046" errors="0" timestamp="2023-05-05T18:32:39 IST">
  <testcase classname="TestNGTutorial.Day1" name="MobileLoginGoldLoan" time="0.009"/>
  <testcase classname="TestNGTutorial.Day2" name="MobileLoginPersonalLoan" time="0.001"/>
  <testcase classname="TestNGTutorial.Day3" name="MobileLoginCarLoan" time="0.001"/>
  <testcase classname="TestNGTutorial.Day4" name="MobileLoginHomeLoan" time="0.0"/>
  <testcase classname="TestNGTutorial.Day2" name="APILoginPersonalLoan" time="0.0">
    <ignored/>
  </testcase> <!-- APILoginPersonalLoan -->
  <testcase classname="TestNGTutorial.Day4" name="WebLoginHomeLoan" time="0.0">
    <ignored/>
  </testcase> <!-- WebLoginHomeLoan -->
  <testcase classname="TestNGTutorial.Day1" name="WebLoginGoldLoan" time="0.0">
    <ignored/>
  </testcase> <!-- WebLoginGoldLoan -->
  <testcase classname="TestNGTutorial.Day3" name="APILoginCarLoan" time="0.0">
    <ignored/>
  </testcase> <!-- APILoginCarLoan -->
  <testcase classname="TestNGTutorial.Day3" name="WebLoginCarLoan" time="0.0">
    <ignored/>
  </testcase> <!-- WebLoginCarLoan -->
  <testcase classname="TestNGTutorial.Day4" name="APILoginHomeLoan" time="0.0">
    <ignored/>
  </testcase> <!-- APILoginHomeLoan -->
  <testcase classname="TestNGTutorial.Day1" name="APILoginGoldLoan" time="0.0">
    <ignored/>
  </testcase> <!-- APILoginGoldLoan -->
  <testcase classname="TestNGTutorial.Day2" name="WebLoginPersonalLoan" time="0.0">
    <ignored/>
  </testcase> <!-- WebLoginPersonalLoan -->
</testsuite> <!-- Regression -->
